"Player Commands list:"
"    turnRight"
"    moveForward"
"    turnLeft"
"    moveBackward"
"    turnLeft"
"    moveForward"
"    turnRight"
"TURN 1    -    NUM CHARACTERS: 4"
"Starlord: Turning right!"
"Starlord: Made a turn: new direction is E with position 7,7"
"Richards: Moving backward!"
"Richards: Moving in direction 1,0 while facing N from 10,3"
"Richards: Final position is 11,3"
"Roxanne: Moving forward!"
"Roxanne: Moving in direction 1,0 while facing S from 5,10"
"Roxanne: Final position is 6,10"
"Clara: Turning right!"
"Clara: Made a turn: new direction is E with position 4,2"
"[   ] [   ] [   ] [   ] [   ] [   ] [ # ] [   ] [   ] [   ] [   ] [   ] [   ] [ # ]"
"[   ] [   ] [   ] [   ] [   ] [   ] [   ] [   ] [   ] [   ] [   ] [ # ] [   ] [   ]"
"[   ] [   ] [   ] [   ] [ ^ ] [   ] [   ] [   ] [   ] [   ] [   ] [   ] [   ] [   ]"
"[   ] [   ] [   ] [   ] [   ] [   ] [   ] [   ] [   ] [   ] [   ] [   ] [ # ] [   ]"
"[   ] [   ] [ > ] [   ] [   ] [   ] [   ] [   ] [   ] [   ] [   ] [   ] [   ] [   ]"
"[   ] [   ] [   ] [   ] [   ] [   ] [   ] [   ] [   ] [   ] [   ] [   ] [   ] [   ]"
"[   ] [   ] [   ] [   ] [   ] [   ] [ v ] [   ] [ # ] [ # ] [ v ] [   ] [   ] [   ]"
"[   ] [   ] [   ] [   ] [   ] [   ] [   ] [ > ] [   ] [   ] [   ] [   ] [   ] [   ]"
"[   ] [ # ] [   ] [   ] [   ] [   ] [   ] [   ] [   ] [   ] [   ] [   ] [   ] [   ]"
"[ # ] [   ] [   ] [   ] [   ] [   ] [   ] [   ] [   ] [   ] [   ] [   ] [   ] [   ]"
"[   ] [   ] [   ] [   ] [   ] [   ] [   ] [   ] [   ] [   ] [   ] [   ] [   ] [   ]"
"[   ] [   ] [   ] [ ^ ] [   ] [ # ] [   ] [   ] [   ] [   ] [   ] [   ] [   ] [   ]"
"[   ] [   ] [   ] [   ] [   ] [   ] [   ] [   ] [   ] [   ] [   ] [   ] [   ] [   ]"
"[   ] [   ] [   ] [   ] [   ] [   ] [ ^ ] [   ] [   ] [   ] [   ] [   ] [   ] [   ]"
"------------------------------------------------------------------------------------"
"TURN 2    -    NUM CHARACTERS: 4"
"Starlord: Moving forward!"
"Starlord: Moving in direction 0,1 while facing E from 7,7"
"Starlord: Final position is 7,8"
"Richards: Turning right!"
"Richards: Made a turn: new direction is E with position 11,3"
"Roxanne: Turning left!"
"Roxanne: Made a turn: new direction is E with position 6,10"
"Clara: Turning left!"
"Clara: Made a turn: new direction is N with position 4,2"
"[   ] [   ] [   ] [   ] [   ] [   ] [ # ] [   ] [   ] [   ] [   ] [   ] [   ] [ # ]"
"[   ] [   ] [   ] [   ] [   ] [   ] [   ] [   ] [   ] [   ] [   ] [ # ] [   ] [   ]"
"[   ] [   ] [   ] [   ] [ ^ ] [   ] [   ] [   ] [   ] [   ] [   ] [   ] [   ] [   ]"
"[   ] [   ] [   ] [   ] [   ] [   ] [   ] [   ] [   ] [   ] [   ] [   ] [ # ] [   ]"
"[   ] [   ] [ ^ ] [   ] [   ] [   ] [   ] [   ] [   ] [   ] [   ] [   ] [   ] [   ]"
"[   ] [   ] [   ] [   ] [   ] [   ] [   ] [   ] [   ] [   ] [   ] [   ] [   ] [   ]"
"[   ] [   ] [   ] [   ] [   ] [   ] [ v ] [   ] [ # ] [ # ] [ > ] [   ] [   ] [   ]"
"[   ] [   ] [   ] [   ] [   ] [   ] [   ] [   ] [ > ] [   ] [   ] [   ] [   ] [   ]"
"[   ] [ # ] [   ] [   ] [   ] [   ] [   ] [   ] [   ] [   ] [   ] [   ] [   ] [   ]"
"[ # ] [   ] [   ] [   ] [   ] [   ] [   ] [   ] [   ] [   ] [   ] [   ] [   ] [   ]"
"[   ] [   ] [   ] [   ] [   ] [   ] [   ] [   ] [   ] [   ] [   ] [   ] [   ] [   ]"
"[   ] [   ] [   ] [ > ] [   ] [ # ] [   ] [   ] [   ] [   ] [   ] [   ] [   ] [   ]"
"[   ] [   ] [   ] [   ] [   ] [   ] [   ] [   ] [   ] [   ] [   ] [   ] [   ] [   ]"
"[   ] [   ] [   ] [   ] [   ] [   ] [ ^ ] [   ] [   ] [   ] [   ] [   ] [   ] [   ]"
"------------------------------------------------------------------------------------"
"TURN 3    -    NUM CHARACTERS: 4"
"Starlord: Turning left!"
"Starlord: Made a turn: new direction is N with position 7,8"
"Richards: Turning right!"
"Richards: Made a turn: new direction is S with position 11,3"
"Roxanne: Turning right!"
"Roxanne: Made a turn: new direction is S with position 6,10"
"Clara: Moving forward!"
"Clara: Moving in direction -1,0 while facing N from 4,2"
"Clara: Final position is 3,2"
"[   ] [   ] [   ] [   ] [   ] [   ] [ # ] [   ] [   ] [   ] [   ] [   ] [   ] [ # ]"
"[   ] [   ] [   ] [   ] [   ] [   ] [   ] [   ] [   ] [   ] [   ] [ # ] [   ] [   ]"
"[   ] [   ] [   ] [   ] [ ^ ] [   ] [   ] [   ] [   ] [   ] [   ] [   ] [   ] [   ]"
"[   ] [   ] [ ^ ] [   ] [   ] [   ] [   ] [   ] [   ] [   ] [   ] [   ] [ # ] [   ]"
"[   ] [   ] [   ] [   ] [   ] [   ] [   ] [   ] [   ] [   ] [   ] [   ] [   ] [   ]"
"[   ] [   ] [   ] [   ] [   ] [   ] [   ] [   ] [   ] [   ] [   ] [   ] [   ] [   ]"
"[   ] [   ] [   ] [   ] [   ] [   ] [ v ] [   ] [ # ] [ # ] [ v ] [   ] [   ] [   ]"
"[   ] [   ] [   ] [   ] [   ] [   ] [   ] [   ] [ ^ ] [   ] [   ] [   ] [   ] [   ]"
"[   ] [ # ] [   ] [   ] [   ] [   ] [   ] [   ] [   ] [   ] [   ] [   ] [   ] [   ]"
"[ # ] [   ] [   ] [   ] [   ] [   ] [   ] [   ] [   ] [   ] [   ] [   ] [   ] [   ]"
"[   ] [   ] [   ] [   ] [   ] [   ] [   ] [   ] [   ] [   ] [   ] [   ] [   ] [   ]"
"[   ] [   ] [   ] [ v ] [   ] [ # ] [   ] [   ] [   ] [   ] [   ] [   ] [   ] [   ]"
"[   ] [   ] [   ] [   ] [   ] [   ] [   ] [   ] [   ] [   ] [   ] [   ] [   ] [   ]"
"[   ] [   ] [   ] [   ] [   ] [   ] [ ^ ] [   ] [   ] [   ] [   ] [   ] [   ] [   ]"
"------------------------------------------------------------------------------------"
"TURN 4    -    NUM CHARACTERS: 4"
"Starlord: Moving backward!"
"Starlord: Moving in direction 1,0 while facing N from 7,8"
"Starlord: Final position is 8,8"
"Richards: Turning right!"
"Richards: Made a turn: new direction is W with position 11,3"
"Roxanne: Moving forward!"
"Roxanne: Moving in direction 1,0 while facing S from 6,10"
"Roxanne: Final position is 7,10"
"Clara: Turning left!"
"Clara: Made a turn: new direction is W with position 3,2"
"[   ] [   ] [   ] [   ] [   ] [   ] [ # ] [   ] [   ] [   ] [   ] [   ] [   ] [ # ]"
"[   ] [   ] [   ] [   ] [   ] [   ] [   ] [   ] [   ] [   ] [   ] [ # ] [   ] [   ]"
"[   ] [   ] [   ] [   ] [ ^ ] [   ] [   ] [   ] [   ] [   ] [   ] [   ] [   ] [   ]"
"[   ] [   ] [ < ] [   ] [   ] [   ] [   ] [   ] [   ] [   ] [   ] [   ] [ # ] [   ]"
"[   ] [   ] [   ] [   ] [   ] [   ] [   ] [   ] [   ] [   ] [   ] [   ] [   ] [   ]"
"[   ] [   ] [   ] [   ] [   ] [   ] [   ] [   ] [   ] [   ] [   ] [   ] [   ] [   ]"
"[   ] [   ] [   ] [   ] [   ] [   ] [ v ] [   ] [ # ] [ # ] [   ] [   ] [   ] [   ]"
"[   ] [   ] [   ] [   ] [   ] [   ] [   ] [   ] [   ] [   ] [ v ] [   ] [   ] [   ]"
"[   ] [ # ] [   ] [   ] [   ] [   ] [   ] [   ] [ ^ ] [   ] [   ] [   ] [   ] [   ]"
"[ # ] [   ] [   ] [   ] [   ] [   ] [   ] [   ] [   ] [   ] [   ] [   ] [   ] [   ]"
"[   ] [   ] [   ] [   ] [   ] [   ] [   ] [   ] [   ] [   ] [   ] [   ] [   ] [   ]"
"[   ] [   ] [   ] [ < ] [   ] [ # ] [   ] [   ] [   ] [   ] [   ] [   ] [   ] [   ]"
"[   ] [   ] [   ] [   ] [   ] [   ] [   ] [   ] [   ] [   ] [   ] [   ] [   ] [   ]"
"[   ] [   ] [   ] [   ] [   ] [   ] [ ^ ] [   ] [   ] [   ] [   ] [   ] [   ] [   ]"
"------------------------------------------------------------------------------------"
"TURN 5    -    NUM CHARACTERS: 4"
"Starlord: Turning left!"
"Starlord: Made a turn: new direction is W with position 8,8"
"Richards: Turning right!"
"Richards: Made a turn: new direction is N with position 11,3"
"Roxanne: Moving forward!"
"Roxanne: Moving in direction 1,0 while facing S from 7,10"
"Roxanne: Final position is 8,10"
"Clara: Moving backward!"
"Clara: Moving in direction 0,1 while facing W from 3,2"
"Clara: Final position is 3,3"
"[   ] [   ] [   ] [   ] [   ] [   ] [ # ] [   ] [   ] [   ] [   ] [   ] [   ] [ # ]"
"[   ] [   ] [   ] [   ] [   ] [   ] [   ] [   ] [   ] [   ] [   ] [ # ] [   ] [   ]"
"[   ] [   ] [   ] [   ] [ ^ ] [   ] [   ] [   ] [   ] [   ] [   ] [   ] [   ] [   ]"
"[   ] [   ] [   ] [ < ] [   ] [   ] [   ] [   ] [   ] [   ] [   ] [   ] [ # ] [   ]"
"[   ] [   ] [   ] [   ] [   ] [   ] [   ] [   ] [   ] [   ] [   ] [   ] [   ] [   ]"
"[   ] [   ] [   ] [   ] [   ] [   ] [   ] [   ] [   ] [   ] [   ] [   ] [   ] [   ]"
"[   ] [   ] [   ] [   ] [   ] [   ] [ v ] [   ] [ # ] [ # ] [   ] [   ] [   ] [   ]"
"[   ] [   ] [   ] [   ] [   ] [   ] [   ] [   ] [   ] [   ] [   ] [   ] [   ] [   ]"
"[   ] [ # ] [   ] [   ] [   ] [   ] [   ] [   ] [ < ] [   ] [ v ] [   ] [   ] [   ]"
"[ # ] [   ] [   ] [   ] [   ] [   ] [   ] [   ] [   ] [   ] [   ] [   ] [   ] [   ]"
"[   ] [   ] [   ] [   ] [   ] [   ] [   ] [   ] [   ] [   ] [   ] [   ] [   ] [   ]"
"[   ] [   ] [   ] [ ^ ] [   ] [ # ] [   ] [   ] [   ] [   ] [   ] [   ] [   ] [   ]"
"[   ] [   ] [   ] [   ] [   ] [   ] [   ] [   ] [   ] [   ] [   ] [   ] [   ] [   ]"
"[   ] [   ] [   ] [   ] [   ] [   ] [ ^ ] [   ] [   ] [   ] [   ] [   ] [   ] [   ]"
"------------------------------------------------------------------------------------"
"TURN 6    -    NUM CHARACTERS: 4"
"Starlord: Moving forward!"
"Starlord: Moving in direction 0,-1 while facing W from 8,8"
"Starlord: Final position is 8,7"
"Richards: Moving backward!"
"Richards: Moving in direction 1,0 while facing N from 11,3"
"Richards: Final position is 12,3"
"Roxanne: Moving forward!"
"Roxanne: Moving in direction 1,0 while facing S from 8,10"
"Roxanne: Final position is 9,10"
"Clara: Moving backward!"
"Clara: Moving in direction 0,1 while facing W from 3,3"
"Clara: Final position is 3,4"
"[   ] [   ] [   ] [   ] [   ] [   ] [ # ] [   ] [   ] [   ] [   ] [   ] [   ] [ # ]"
"[   ] [   ] [   ] [   ] [   ] [   ] [   ] [   ] [   ] [   ] [   ] [ # ] [   ] [   ]"
"[   ] [   ] [   ] [   ] [ ^ ] [   ] [   ] [   ] [   ] [   ] [   ] [   ] [   ] [   ]"
"[   ] [   ] [   ] [   ] [ < ] [   ] [   ] [   ] [   ] [   ] [   ] [   ] [ # ] [   ]"
"[   ] [   ] [   ] [   ] [   ] [   ] [   ] [   ] [   ] [   ] [   ] [   ] [   ] [   ]"
"[   ] [   ] [   ] [   ] [   ] [   ] [   ] [   ] [   ] [   ] [   ] [   ] [   ] [   ]"
"[   ] [   ] [   ] [   ] [   ] [   ] [ v ] [   ] [ # ] [ # ] [   ] [   ] [   ] [   ]"
"[   ] [   ] [   ] [   ] [   ] [   ] [   ] [   ] [   ] [   ] [   ] [   ] [   ] [   ]"
"[   ] [ # ] [   ] [   ] [   ] [   ] [   ] [ < ] [   ] [   ] [   ] [   ] [   ] [   ]"
"[ # ] [   ] [   ] [   ] [   ] [   ] [   ] [   ] [   ] [   ] [ v ] [   ] [   ] [   ]"
"[   ] [   ] [   ] [   ] [   ] [   ] [   ] [   ] [   ] [   ] [   ] [   ] [   ] [   ]"
"[   ] [   ] [   ] [   ] [   ] [ # ] [   ] [   ] [   ] [   ] [   ] [   ] [   ] [   ]"
"[   ] [   ] [   ] [ ^ ] [   ] [   ] [   ] [   ] [   ] [   ] [   ] [   ] [   ] [   ]"
"[   ] [   ] [   ] [   ] [   ] [   ] [ ^ ] [   ] [   ] [   ] [   ] [   ] [   ] [   ]"
"------------------------------------------------------------------------------------"
"TURN 7    -    NUM CHARACTERS: 4"
"Starlord: Turning right!"
"Starlord: Made a turn: new direction is N with position 8,7"
"Richards: Moving backward!"
"Richards: Moving in direction 1,0 while facing N from 12,3"
"Richards: Final position is 13,3"
"Roxanne: Moving forward!"
"Roxanne: Moving in direction 1,0 while facing S from 9,10"
"Roxanne: Final position is 10,10"
"Clara: Moving forward!"
"Clara: Moving in direction 0,-1 while facing W from 3,4"
"Clara: Final position is 3,3"
"[   ] [   ] [   ] [   ] [   ] [   ] [ # ] [   ] [   ] [   ] [   ] [   ] [   ] [ # ]"
"[   ] [   ] [   ] [   ] [   ] [   ] [   ] [   ] [   ] [   ] [   ] [ # ] [   ] [   ]"
"[   ] [   ] [   ] [   ] [ ^ ] [   ] [   ] [   ] [   ] [   ] [   ] [   ] [   ] [   ]"
"[   ] [   ] [   ] [ < ] [   ] [   ] [   ] [   ] [   ] [   ] [   ] [   ] [ # ] [   ]"
"[   ] [   ] [   ] [   ] [   ] [   ] [   ] [   ] [   ] [   ] [   ] [   ] [   ] [   ]"
"[   ] [   ] [   ] [   ] [   ] [   ] [   ] [   ] [   ] [   ] [   ] [   ] [   ] [   ]"
"[   ] [   ] [   ] [   ] [   ] [   ] [ v ] [   ] [ # ] [ # ] [   ] [   ] [   ] [   ]"
"[   ] [   ] [   ] [   ] [   ] [   ] [   ] [   ] [   ] [   ] [   ] [   ] [   ] [   ]"
"[   ] [ # ] [   ] [   ] [   ] [   ] [   ] [ ^ ] [   ] [   ] [   ] [   ] [   ] [   ]"
"[ # ] [   ] [   ] [   ] [   ] [   ] [   ] [   ] [   ] [   ] [   ] [   ] [   ] [   ]"
"[   ] [   ] [   ] [   ] [   ] [   ] [   ] [   ] [   ] [   ] [ v ] [   ] [   ] [   ]"
"[   ] [   ] [   ] [   ] [   ] [ # ] [   ] [   ] [   ] [   ] [   ] [   ] [   ] [   ]"
"[   ] [   ] [   ] [   ] [   ] [   ] [   ] [   ] [   ] [   ] [   ] [   ] [   ] [   ]"
"[   ] [   ] [   ] [ ^ ] [   ] [   ] [ ^ ] [   ] [   ] [   ] [   ] [   ] [   ] [   ]"
"------------------------------------------------------------------------------------"
"TRAVEL MAP FOR ALL ROVERS:"
"[   ] [   ] [   ] [   ] [   ] [   ] [   ] [   ] [   ] [   ] [   ] [   ] [   ] [   ]"
"[   ] [   ] [   ] [   ] [   ] [   ] [   ] [   ] [   ] [   ] [   ] [   ] [   ] [   ]"
"[   ] [   ] [   ] [   ] [   ] [   ] [   ] [   ] [   ] [   ] [   ] [   ] [   ] [   ]"
"[   ] [   ] [ C ] [ C ] [ C ] [   ] [   ] [   ] [   ] [   ] [   ] [   ] [   ] [   ]"
"[   ] [   ] [ C ] [   ] [   ] [   ] [   ] [   ] [   ] [   ] [   ] [   ] [   ] [   ]"
"[   ] [   ] [   ] [   ] [   ] [   ] [   ] [   ] [   ] [   ] [ R ] [   ] [   ] [   ]"
"[   ] [   ] [   ] [   ] [   ] [   ] [   ] [   ] [   ] [   ] [ R ] [   ] [   ] [   ]"
"[   ] [   ] [   ] [   ] [   ] [   ] [   ] [ S ] [ S ] [   ] [ R ] [   ] [   ] [   ]"
"[   ] [   ] [   ] [   ] [   ] [   ] [   ] [ S ] [ S ] [   ] [ R ] [   ] [   ] [   ]"
"[   ] [   ] [   ] [   ] [   ] [   ] [   ] [   ] [   ] [   ] [ R ] [   ] [   ] [   ]"
"[   ] [   ] [   ] [ R ] [   ] [   ] [   ] [   ] [   ] [   ] [ R ] [   ] [   ] [   ]"
"[   ] [   ] [   ] [ R ] [   ] [   ] [   ] [   ] [   ] [   ] [   ] [   ] [   ] [   ]"
"[   ] [   ] [   ] [ R ] [   ] [   ] [   ] [   ] [   ] [   ] [   ] [   ] [   ] [   ]"
"[   ] [   ] [   ] [ R ] [   ] [   ] [   ] [   ] [   ] [   ] [   ] [   ] [   ] [   ]"
